patentes/clplate000.jpg 1 70 25 181 65
patentes/clplate001.jpg 1 79 29 152 54
patentes/clplate002.jpg 1 18 6 285 102
patentes/clplate003.jpg 1 78 29 249 89
patentes/clplate004.jpg 1 80 28 216 78
patentes/clplate005.jpg 1 97 35 157 56
patentes/clplate006.jpg 1 15 5 297 107
patentes/clplate007.jpg 1 115 41 222 80
patentes/clplate008.jpg 1 125 45 126 45
patentes/clplate009.jpg 1 46 17 281 101
patentes/clplate010.jpg 1 57 21 227 81
patentes/clplate011.jpg 1 10 3 312 112
patentes/clplate012.jpg 1 25 9 229 82
patentes/clplate013.jpg 1 32 11 317 114
patentes/clplate014.jpg 1 62 22 255 92
patentes/clplate015.jpg 1 72 26 276 99
patentes/clplate016.jpg 1 114 41 190 68
patentes/clplate017.jpg 1 39 14 173 62
patentes/clplate018.jpg 1 32 11 272 98
patentes/clplate019.jpg 1 26 9 187 67
patentes/clplate020.jpg 1 72 26 230 83
patentes/clplate021.jpg 1 4 1 316 114
patentes/clplate022.jpg 1 87 32 246 88
patentes/clplate023.jpg 1 25 9 293 105
patentes/clplate024.jpg 1 8 3 343 123
patentes/clplate025.jpg 1 112 40 225 81
patentes/clplate026.jpg 1 82 30 202 72
patentes/clplate027.jpg 1 37 14 315 113
patentes/clplate028.jpg 1 84 31 185 66
patentes/clplate029.jpg 1 127 46 125 45
patentes/clplate030.jpg 1 4 1 341 123
patentes/clplate031.jpg 1 135 49 180 65
patentes/clplate032.jpg 1 14 5 316 114
patentes/clplate033.jpg 1 54 20 271 97
patentes/clplate034.jpg 1 72 26 142 51
patentes/clplate035.jpg 1 28 10 156 56
patentes/clplate036.jpg 1 92 33 162 58
patentes/clplate037.jpg 1 97 35 232 83
patentes/clplate038.jpg 1 63 23 256 92
patentes/clplate039.jpg 1 60 21 192 69
patentes/clplate040.jpg 1 64 23 233 84
patentes/clplate041.jpg 1 52 19 185 66
patentes/clplate042.jpg 1 8 2 313 113
patentes/clplate043.jpg 1 14 5 311 112
patentes/clplate044.jpg 1 21 8 304 109
patentes/clplate045.jpg 1 24 9 296 106
patentes/clplate046.jpg 1 49 17 288 104
patentes/clplate047.jpg 1 93 34 132 47
patentes/clplate048.jpg 1 74 27 152 54
patentes/clplate049.jpg 1 17 6 235 84
patentes/clplate050.jpg 1 6 2 342 123
patentes/clplate051.jpg 1 52 19 264 95
patentes/clplate052.jpg 1 83 30 173 62
patentes/clplate053.jpg 1 41 15 300 108
patentes/clplate054.jpg 1 32 11 165 59
patentes/clplate055.jpg 1 90 32 258 93
patentes/clplate056.jpg 1 24 9 235 84
patentes/clplate057.jpg 1 77 28 227 81
patentes/clplate058.jpg 1 18 6 314 113
patentes/clplate059.jpg 1 23 8 262 94
patentes/clplate060.jpg 1 58 21 185 66
patentes/clplate061.jpg 1 51 18 173 62
patentes/clplate062.jpg 1 2 1 355 128
patentes/clplate063.jpg 1 60 21 200 72
patentes/clplate064.jpg 1 31 11 300 108
patentes/clplate065.jpg 1 137 49 164 59
patentes/clplate066.jpg 1 195 71 129 46
patentes/clplate067.jpg 1 47 17 159 57
patentes/clplate068.jpg 1 4 1 345 124
patentes/clplate069.jpg 1 31 11 143 51
patentes/clplate070.jpg 1 105 37 122 44
patentes/clplate071.jpg 1 11 4 305 110
patentes/clplate072.jpg 1 51 18 140 50
patentes/clplate073.jpg 1 142 51 121 43
patentes/clplate074.jpg 1 107 39 170 61
patentes/clplate075.jpg 1 123 44 184 66
patentes/clplate076.jpg 1 18 7 328 118
patentes/clplate077.jpg 1 24 8 333 120
patentes/clplate078.jpg 1 4 1 336 121
patentes/clplate079.jpg 1 32 12 307 110
patentes/clplate080.jpg 1 12 5 343 123
patentes/clplate081.jpg 1 7 2 309 111
patentes/clplate082.jpg 1 4 1 342 123
patentes/clplate083.jpg 1 38 14 279 100
patentes/clplate084.jpg 1 11 4 345 124
patentes/clplate085.jpg 1 38 14 137 49
patentes/clplate086.jpg 1 75 27 270 97
patentes/clplate087.jpg 1 37 14 307 110
patentes/clplate088.jpg 1 114 41 181 65
patentes/clplate089.jpg 1 8 3 350 126
patentes/clplate090.jpg 1 55 20 178 64
patentes/clplate091.jpg 1 51 18 236 85
patentes/clplate092.jpg 1 21 7 237 85
patentes/clplate093.jpg 1 50 18 302 109
patentes/clplate094.jpg 1 19 7 303 109
patentes/clplate095.jpg 1 34 12 144 52
patentes/clplate096.jpg 1 137 49 169 61
patentes/clplate097.jpg 1 13 5 335 120
patentes/clplate098.jpg 1 29 10 240 86
patentes/clplate099.jpg 1 106 38 123 44
patentes/clplate100.jpg 1 31 11 230 83
patentes/clplate101.jpg 1 66 24 265 95
patentes/clplate102.jpg 1 29 10 265 95
patentes/clplate103.jpg 1 74 27 238 85
patentes/clplate104.jpg 1 112 41 226 81
patentes/clplate105.jpg 1 5 2 349 126
patentes/clplate106.jpg 1 88 32 149 53
patentes/clplate107.jpg 1 31 11 247 89
patentes/clplate108.jpg 1 3 1 356 128
patentes/clplate109.jpg 1 23 8 151 54
patentes/clplate110.jpg 1 9 3 323 116
patentes/clplate111.jpg 1 94 34 133 48
patentes/clplate112.jpg 1 38 14 309 111
patentes/clplate113.jpg 1 35 12 267 96
patentes/clplate114.jpg 1 59 21 195 70
patentes/clplate115.jpg 1 78 28 239 86
patentes/clplate116.jpg 1 56 20 233 84
patentes/clplate117.jpg 1 11 4 336 121
patentes/clplate118.jpg 1 141 51 179 64
patentes/clplate119.jpg 1 21 7 316 114
patentes/clplate120.jpg 1 14 5 250 90
patentes/clplate121.jpg 1 24 8 160 57
patentes/clplate122.jpg 1 12 4 245 88
patentes/clplate123.jpg 1 42 15 295 106
patentes/clplate124.jpg 1 103 37 206 74
patentes/clplate125.jpg 1 0 0 356 128
patentes/clplate126.jpg 1 67 24 168 60
patentes/clplate127.jpg 1 127 46 184 66
patentes/clplate128.jpg 1 43 15 188 67
patentes/clplate129.jpg 1 28 10 325 117
patentes/clplate130.jpg 1 114 41 180 65
patentes/clplate131.jpg 1 9 3 329 118
patentes/clplate132.jpg 1 202 74 130 46
patentes/clplate133.jpg 1 17 6 312 112
patentes/clplate134.jpg 1 106 38 205 74
patentes/clplate135.jpg 1 9 3 277 100
patentes/clplate136.jpg 1 72 26 265 95
patentes/clplate137.jpg 1 64 23 288 104
patentes/clplate138.jpg 1 112 41 204 73
patentes/clplate139.jpg 1 66 24 209 75
patentes/clplate140.jpg 1 91 33 186 67
patentes/clplate141.jpg 1 133 48 165 59
patentes/clplate142.jpg 1 150 54 122 44
patentes/clplate143.jpg 1 34 12 320 115
patentes/clplate144.jpg 1 8 3 346 124
patentes/clplate145.jpg 1 10 3 282 101
patentes/clplate146.jpg 1 81 29 215 77
patentes/clplate147.jpg 1 55 20 153 55
patentes/clplate148.jpg 1 169 61 134 48
patentes/clplate149.jpg 1 13 5 325 117
patentes/clplate150.jpg 1 107 39 193 69
patentes/clplate151.jpg 1 43 15 201 72
patentes/clplate152.jpg 1 129 47 190 68
patentes/clplate153.jpg 1 22 8 222 80
patentes/clplate154.jpg 1 26 9 178 64
patentes/clplate155.jpg 1 35 13 274 98
patentes/clplate156.jpg 1 8 3 331 119
patentes/clplate157.jpg 1 40 14 267 96
patentes/clplate158.jpg 1 91 33 237 85
patentes/clplate159.jpg 1 27 9 147 53
patentes/clplate160.jpg 1 101 36 190 68
patentes/clplate161.jpg 1 3 1 338 122
patentes/clplate162.jpg 1 28 10 308 111
patentes/clplate163.jpg 1 55 20 144 52
patentes/clplate164.jpg 1 115 42 215 77
patentes/clplate165.jpg 1 28 10 125 45
patentes/clplate166.jpg 1 48 17 151 54
patentes/clplate167.jpg 1 94 34 212 76
patentes/clplate168.jpg 1 1 0 358 129
patentes/clplate169.jpg 1 97 35 192 69
patentes/clplate170.jpg 1 13 4 303 109
patentes/clplate171.jpg 1 4 1 334 120
patentes/clplate172.jpg 1 116 41 144 52
patentes/clplate173.jpg 1 146 53 179 64
patentes/clplate174.jpg 1 99 36 195 70
patentes/clplate175.jpg 1 69 25 212 76
patentes/clplate176.jpg 1 32 12 303 109
patentes/clplate177.jpg 1 16 5 330 119
patentes/clplate178.jpg 1 7 2 308 111
patentes/clplate179.jpg 1 126 46 132 47
patentes/clplate180.jpg 1 1 0 353 127
patentes/clplate181.jpg 1 27 9 264 95
patentes/clplate182.jpg 1 7 2 333 120
patentes/clplate183.jpg 1 36 13 268 96
patentes/clplate184.jpg 1 102 37 154 55
patentes/clplate185.jpg 1 27 10 190 68
patentes/clplate186.jpg 1 61 22 278 100
patentes/clplate187.jpg 1 54 19 181 65
patentes/clplate188.jpg 1 54 19 139 50
patentes/clplate189.jpg 1 8 3 340 122
patentes/clplate190.jpg 1 29 10 130 46
patentes/clplate191.jpg 1 191 69 131 47
patentes/clplate192.jpg 1 1 0 358 129
patentes/clplate193.jpg 1 20 7 240 86
patentes/clplate194.jpg 1 36 13 215 77
patentes/clplate195.jpg 1 120 43 211 76
patentes/clplate196.jpg 1 108 39 128 46
patentes/clplate197.jpg 1 54 19 223 80
patentes/clplate198.jpg 1 38 13 209 75
patentes/clplate199.jpg 1 23 9 332 119
patentes/clplate200.jpg 1 90 32 255 92
patentes/clplate201.jpg 1 72 26 257 92
patentes/clplate202.jpg 1 89 32 218 78
patentes/clplate203.jpg 1 0 0 358 129
patentes/clplate204.jpg 1 208 75 123 44
patentes/clplate205.jpg 1 36 13 316 114
patentes/clplate206.jpg 1 33 12 136 49
patentes/clplate207.jpg 1 24 8 313 113
patentes/clplate208.jpg 1 86 31 262 94
patentes/clplate209.jpg 1 20 7 326 117
patentes/clplate210.jpg 1 24 9 304 109
patentes/clplate211.jpg 1 25 9 289 104
patentes/clplate212.jpg 1 24 9 270 97
patentes/clplate213.jpg 1 21 7 237 85
patentes/clplate214.jpg 1 72 26 182 65
patentes/clplate215.jpg 1 165 59 136 49
patentes/clplate216.jpg 1 70 26 268 96
patentes/clplate217.jpg 1 53 19 206 74
patentes/clplate218.jpg 1 52 19 238 85
patentes/clplate219.jpg 1 12 4 338 122
patentes/clplate220.jpg 1 43 15 294 106
patentes/clplate221.jpg 1 185 66 144 52
patentes/clplate222.jpg 1 147 53 121 43
patentes/clplate223.jpg 1 103 37 197 71
patentes/clplate224.jpg 1 17 6 293 105
patentes/clplate225.jpg 1 6 2 353 127
patentes/clplate226.jpg 1 124 45 135 48
patentes/clplate227.jpg 1 28 10 251 90
patentes/clplate228.jpg 1 17 6 191 68
patentes/clplate229.jpg 1 63 23 281 101
patentes/clplate230.jpg 1 75 27 152 54
patentes/clplate231.jpg 1 74 27 268 96
patentes/clplate232.jpg 1 96 35 226 81
patentes/clplate233.jpg 1 45 16 256 92
patentes/clplate234.jpg 1 29 10 208 75
patentes/clplate235.jpg 1 59 21 207 74
patentes/clplate236.jpg 1 23 8 268 96
patentes/clplate237.jpg 1 71 26 134 48
patentes/clplate238.jpg 1 77 28 200 72
patentes/clplate239.jpg 1 51 19 243 87
patentes/clplate240.jpg 1 60 22 160 57
patentes/clplate241.jpg 1 106 38 129 46
patentes/clplate242.jpg 1 90 32 187 67
patentes/clplate243.jpg 1 4 1 339 122
patentes/clplate244.jpg 1 43 15 280 101
patentes/clplate245.jpg 1 37 14 310 111
patentes/clplate246.jpg 1 112 40 135 48
patentes/clplate247.jpg 1 24 8 266 96
patentes/clplate248.jpg 1 53 19 183 66
patentes/clplate249.jpg 1 51 19 279 100
patentes/clplate250.jpg 1 125 45 141 50
patentes/clplate251.jpg 1 13 4 319 115
patentes/clplate252.jpg 1 151 54 164 59
patentes/clplate253.jpg 1 8 3 345 124
patentes/clplate254.jpg 1 19 7 333 120
patentes/clplate255.jpg 1 37 13 252 91
patentes/clplate256.jpg 1 42 15 283 102
patentes/clplate257.jpg 1 121 44 148 53
patentes/clplate258.jpg 1 34 12 200 72
patentes/clplate259.jpg 1 24 8 268 96
patentes/clplate260.jpg 1 65 23 261 94
patentes/clplate261.jpg 1 31 11 309 111
patentes/clplate262.jpg 1 151 54 147 53
patentes/clplate263.jpg 1 3 1 346 124
patentes/clplate264.jpg 1 75 27 273 98
patentes/clplate265.jpg 1 8 3 280 101
patentes/clplate266.jpg 1 42 15 151 54
patentes/clplate267.jpg 1 20 7 242 87
patentes/clplate268.jpg 1 27 9 255 92
patentes/clplate269.jpg 1 121 44 189 68
patentes/clplate270.jpg 1 59 22 254 91
patentes/clplate271.jpg 1 44 16 267 96
patentes/clplate272.jpg 1 148 54 174 62
patentes/clplate273.jpg 1 24 8 289 104
patentes/clplate274.jpg 1 55 20 136 49
patentes/clplate275.jpg 1 41 15 291 105
patentes/clplate276.jpg 1 42 15 217 78
patentes/clplate277.jpg 1 10 4 334 120
patentes/clplate278.jpg 1 46 16 194 70
patentes/clplate279.jpg 1 34 12 188 67
patentes/clplate280.jpg 1 61 22 218 78
patentes/clplate281.jpg 1 85 31 229 82
patentes/clplate282.jpg 1 148 54 157 56
patentes/clplate283.jpg 1 70 25 218 78
patentes/clplate284.jpg 1 4 2 353 127
patentes/clplate285.jpg 1 154 56 134 48
patentes/clplate286.jpg 1 78 28 217 78
patentes/clplate287.jpg 1 49 17 233 84
patentes/clplate288.jpg 1 13 4 275 99
patentes/clplate289.jpg 1 40 14 236 85
patentes/clplate290.jpg 1 114 41 196 70
patentes/clplate291.jpg 1 117 42 147 53
patentes/clplate292.jpg 1 174 62 144 52
patentes/clplate293.jpg 1 74 27 276 99
patentes/clplate294.jpg 1 34 12 309 111
patentes/clplate295.jpg 1 178 65 132 47
patentes/clplate296.jpg 1 133 48 159 57
patentes/clplate297.jpg 1 47 17 184 66
patentes/clplate298.jpg 1 41 15 253 91
patentes/clplate299.jpg 1 15 5 259 93
patentes/clplate300.jpg 1 12 4 338 122
patentes/clplate301.jpg 1 56 20 245 88
patentes/clplate302.jpg 1 16 6 298 107
patentes/clplate303.jpg 1 63 23 224 80
patentes/clplate304.jpg 1 50 18 208 75
patentes/clplate305.jpg 1 7 2 315 113
patentes/clplate306.jpg 1 151 55 191 68
patentes/clplate307.jpg 1 69 25 147 53
patentes/clplate308.jpg 1 4 1 350 126
patentes/clplate309.jpg 1 32 12 315 113
patentes/clplate310.jpg 1 44 15 205 74
patentes/clplate311.jpg 1 2 1 353 127
patentes/clplate312.jpg 1 3 1 343 123
patentes/clplate313.jpg 1 63 22 169 61
patentes/clplate314.jpg 1 2 0 336 121
patentes/clplate315.jpg 1 23 8 263 94
patentes/clplate316.jpg 1 160 58 144 52
patentes/clplate317.jpg 1 113 41 134 48
patentes/clplate318.jpg 1 3 1 356 128
patentes/clplate319.jpg 1 78 28 176 63
patentes/clplate320.jpg 1 21 7 240 86
patentes/clplate321.jpg 1 24 8 244 88
patentes/clplate322.jpg 1 27 10 294 106
patentes/clplate323.jpg 1 96 35 248 89
patentes/clplate324.jpg 1 5 1 325 117
patentes/clplate325.jpg 1 55 20 166 59
patentes/clplate326.jpg 1 57 21 281 101
patentes/clplate327.jpg 1 14 5 343 123
patentes/clplate328.jpg 1 105 38 160 57
patentes/clplate329.jpg 1 122 44 163 58
patentes/clplate330.jpg 1 121 44 162 58
patentes/clplate331.jpg 1 182 66 142 51
patentes/clplate332.jpg 1 85 30 153 55
patentes/clplate333.jpg 1 23 8 306 110
patentes/clplate334.jpg 1 105 38 207 74
patentes/clplate335.jpg 1 97 35 185 66
patentes/clplate336.jpg 1 13 4 317 114
patentes/clplate337.jpg 1 78 28 217 78
patentes/clplate338.jpg 1 23 8 189 68
patentes/clplate339.jpg 1 45 16 290 104
patentes/clplate340.jpg 1 3 1 355 128
patentes/clplate341.jpg 1 138 50 198 71
patentes/clplate342.jpg 1 50 18 257 92
patentes/clplate343.jpg 1 118 43 210 75
patentes/clplate344.jpg 1 110 40 146 52
patentes/clplate345.jpg 1 55 20 238 85
patentes/clplate346.jpg 1 49 17 280 101
patentes/clplate347.jpg 1 6 2 347 125
patentes/clplate348.jpg 1 8 3 346 124
patentes/clplate349.jpg 1 42 15 138 49
patentes/clplate350.jpg 1 34 12 230 83
patentes/clplate351.jpg 1 44 16 209 75
patentes/clplate352.jpg 1 16 6 284 102
patentes/clplate353.jpg 1 21 7 168 60
patentes/clplate354.jpg 1 53 19 209 75
patentes/clplate355.jpg 1 83 30 199 71
patentes/clplate356.jpg 1 159 57 125 45
patentes/clplate357.jpg 1 44 16 217 78
patentes/clplate358.jpg 1 6 2 321 115
patentes/clplate359.jpg 1 37 13 279 100
patentes/clplate360.jpg 1 90 32 255 92
patentes/clplate361.jpg 1 70 25 280 101
patentes/clplate362.jpg 1 46 16 294 106
patentes/clplate363.jpg 1 21 7 159 57
patentes/clplate364.jpg 1 163 59 169 61
patentes/clplate365.jpg 1 26 9 184 66
patentes/clplate366.jpg 1 15 6 321 115
patentes/clplate367.jpg 1 81 29 239 86
patentes/clplate368.jpg 1 119 43 162 58
patentes/clplate369.jpg 1 33 12 316 114
patentes/clplate370.jpg 1 48 17 281 101
patentes/clplate371.jpg 1 22 8 318 114
patentes/clplate372.jpg 1 67 24 232 83
patentes/clplate373.jpg 1 141 51 146 52
patentes/clplate374.jpg 1 3 1 346 124
patentes/clplate375.jpg 1 19 7 290 104
patentes/clplate376.jpg 1 61 22 132 47
patentes/clplate377.jpg 1 14 5 322 116
patentes/clplate378.jpg 1 90 33 240 86
patentes/clplate379.jpg 1 41 15 314 113
patentes/clplate380.jpg 1 43 15 185 66
patentes/clplate381.jpg 1 2 1 354 127
patentes/clplate382.jpg 1 173 63 141 50
patentes/clplate383.jpg 1 19 7 294 106
patentes/clplate384.jpg 1 63 23 160 57
patentes/clplate385.jpg 1 30 11 310 111
patentes/clplate386.jpg 1 22 8 160 57
patentes/clplate387.jpg 1 1 0 348 125
patentes/clplate388.jpg 1 31 11 246 88
patentes/clplate389.jpg 1 147 53 168 60
patentes/clplate390.jpg 1 142 51 153 55
patentes/clplate391.jpg 1 84 30 207 74
patentes/clplate392.jpg 1 57 21 281 101
patentes/clplate393.jpg 1 87 31 156 56
patentes/clplate394.jpg 1 109 39 188 67
patentes/clplate395.jpg 1 103 37 204 73
patentes/clplate396.jpg 1 59 21 192 69
patentes/clplate397.jpg 1 32 11 261 94
patentes/clplate398.jpg 1 12 4 326 117
patentes/clplate399.jpg 1 58 21 196 70
patentes/clplate400.jpg 1 21 7 167 60
patentes/clplate401.jpg 1 24 9 325 117
patentes/clplate402.jpg 1 21 7 149 53
patentes/clplate403.jpg 1 25 9 327 118
patentes/clplate404.jpg 1 70 25 254 91
patentes/clplate405.jpg 1 55 20 263 94
patentes/clplate406.jpg 1 124 45 124 44
patentes/clplate407.jpg 1 15 5 314 113
patentes/clplate408.jpg 1 30 10 150 54
patentes/clplate409.jpg 1 42 15 310 111
patentes/clplate410.jpg 1 13 5 345 124
patentes/clplate411.jpg 1 0 0 359 129
patentes/clplate412.jpg 1 47 17 226 81
patentes/clplate413.jpg 1 27 9 211 76
patentes/clplate414.jpg 1 9 3 344 124
patentes/clplate415.jpg 1 2 1 350 126
patentes/clplate416.jpg 1 2 1 354 127
patentes/clplate417.jpg 1 61 22 248 89
patentes/clplate418.jpg 1 53 19 160 57
patentes/clplate419.jpg 1 172 63 149 53
patentes/clplate420.jpg 1 132 48 160 57
patentes/clplate421.jpg 1 118 42 139 50
patentes/clplate422.jpg 1 92 33 127 45
patentes/clplate423.jpg 1 12 4 283 102
patentes/clplate424.jpg 1 8 3 303 109
patentes/clplate425.jpg 1 146 53 155 55
patentes/clplate426.jpg 1 4 1 344 124
patentes/clplate427.jpg 1 34 12 249 89
patentes/clplate428.jpg 1 44 16 300 108
patentes/clplate429.jpg 1 122 44 198 71
patentes/clplate430.jpg 1 86 31 225 81
patentes/clplate431.jpg 1 21 7 245 88
patentes/clplate432.jpg 1 112 40 179 64
patentes/clplate433.jpg 1 130 47 214 77
patentes/clplate434.jpg 1 2 1 357 128
patentes/clplate435.jpg 1 12 4 277 100
patentes/clplate436.jpg 1 24 8 152 54
patentes/clplate437.jpg 1 111 40 173 62
patentes/clplate438.jpg 1 10 3 293 105
patentes/clplate439.jpg 1 32 11 313 113
patentes/clplate440.jpg 1 23 8 334 120
patentes/clplate441.jpg 1 20 7 243 87
patentes/clplate442.jpg 1 88 32 181 65
patentes/clplate443.jpg 1 93 34 177 63
patentes/clplate444.jpg 1 56 20 187 67
patentes/clplate445.jpg 1 50 18 214 77
patentes/clplate446.jpg 1 126 45 186 67
patentes/clplate447.jpg 1 9 3 324 117
patentes/clplate448.jpg 1 20 7 310 111
patentes/clplate449.jpg 1 90 32 129 46
patentes/clplate450.jpg 1 10 3 339 122
patentes/clplate451.jpg 1 54 20 229 82
patentes/clplate452.jpg 1 4 2 354 127
patentes/clplate453.jpg 1 16 6 293 105
patentes/clplate454.jpg 1 66 23 128 46
patentes/clplate455.jpg 1 146 53 187 67
patentes/clplate456.jpg 1 11 4 308 111
patentes/clplate457.jpg 1 32 11 207 74
patentes/clplate458.jpg 1 10 4 346 124
patentes/clplate459.jpg 1 25 9 278 100
patentes/clplate460.jpg 1 145 53 174 62
patentes/clplate461.jpg 1 87 31 158 57
patentes/clplate462.jpg 1 15 5 318 114
patentes/clplate463.jpg 1 37 13 236 85
patentes/clplate464.jpg 1 7 2 345 124
patentes/clplate465.jpg 1 16 6 295 106
patentes/clplate466.jpg 1 32 11 193 69
patentes/clplate467.jpg 1 62 22 266 96
patentes/clplate468.jpg 1 65 23 186 67
patentes/clplate469.jpg 1 10 3 304 109
patentes/clplate470.jpg 1 21 7 178 64
patentes/clplate471.jpg 1 79 29 232 83
patentes/clplate472.jpg 1 111 40 196 70
patentes/clplate473.jpg 1 0 0 356 128
patentes/clplate474.jpg 1 52 18 288 104
patentes/clplate475.jpg 1 64 23 142 51
patentes/clplate476.jpg 1 125 45 158 57
patentes/clplate477.jpg 1 48 17 246 88
patentes/clplate478.jpg 1 160 57 172 62
patentes/clplate479.jpg 1 122 44 133 48
patentes/clplate480.jpg 1 29 11 317 114
patentes/clplate481.jpg 1 27 9 324 117
patentes/clplate482.jpg 1 30 11 274 98
patentes/clplate483.jpg 1 30 11 281 101
patentes/clplate484.jpg 1 23 8 300 108
patentes/clplate485.jpg 1 207 75 124 44
patentes/clplate486.jpg 1 30 11 280 101
patentes/clplate487.jpg 1 50 18 179 64
patentes/clplate488.jpg 1 116 42 139 50
patentes/clplate489.jpg 1 175 63 131 47
patentes/clplate490.jpg 1 40 14 149 53
patentes/clplate491.jpg 1 10 4 339 122
patentes/clplate492.jpg 1 64 23 231 83
patentes/clplate493.jpg 1 86 31 140 50
patentes/clplate494.jpg 1 62 22 236 85
patentes/clplate495.jpg 1 6 2 352 127
patentes/clplate496.jpg 1 137 50 204 73
patentes/clplate497.jpg 1 7 2 331 119
patentes/clplate498.jpg 1 60 21 152 54
patentes/clplate499.jpg 1 121 43 178 64
patentes/clplate500.jpg 1 162 58 169 61
patentes/clplate501.jpg 1 39 14 298 107
patentes/clplate502.jpg 1 7 3 340 122
patentes/clplate503.jpg 1 4 1 344 124
patentes/clplate504.jpg 1 7 2 315 113
patentes/clplate505.jpg 1 56 20 131 47
patentes/clplate506.jpg 1 70 25 249 89
patentes/clplate507.jpg 1 25 9 281 101
patentes/clplate508.jpg 1 31 11 299 107
patentes/clplate509.jpg 1 26 9 317 114
patentes/clplate510.jpg 1 28 10 229 82
patentes/clplate511.jpg 1 7 2 289 104
patentes/clplate512.jpg 1 45 16 257 92
patentes/clplate513.jpg 1 18 6 237 85
patentes/clplate514.jpg 1 12 4 289 104
patentes/clplate515.jpg 1 12 4 305 110
patentes/clplate516.jpg 1 76 28 213 76
patentes/clplate517.jpg 1 74 26 153 55
patentes/clplate518.jpg 1 37 14 307 110
patentes/clplate519.jpg 1 142 51 194 70
patentes/clplate520.jpg 1 14 5 320 115
patentes/clplate521.jpg 1 88 32 236 85
patentes/clplate522.jpg 1 80 29 140 50
patentes/clplate523.jpg 1 64 23 264 95
patentes/clplate524.jpg 1 94 34 198 71
patentes/clplate525.jpg 1 31 11 257 92
patentes/clplate526.jpg 1 28 10 148 53
patentes/clplate527.jpg 1 1 0 355 128
patentes/clplate528.jpg 1 28 10 323 116
patentes/clplate529.jpg 1 9 3 312 112
patentes/clplate530.jpg 1 43 15 145 52
patentes/clplate531.jpg 1 56 20 214 77
patentes/clplate532.jpg 1 21 8 321 115
patentes/clplate533.jpg 1 153 55 142 51
patentes/clplate534.jpg 1 15 5 212 76
patentes/clplate535.jpg 1 7 2 330 119
patentes/clplate536.jpg 1 13 4 305 110
patentes/clplate537.jpg 1 5 2 339 122
patentes/clplate538.jpg 1 19 7 328 118
patentes/clplate539.jpg 1 68 24 182 65
patentes/clplate540.jpg 1 93 34 210 75
patentes/clplate541.jpg 1 27 10 276 99
patentes/clplate542.jpg 1 147 54 188 67
patentes/clplate543.jpg 1 15 5 275 99
patentes/clplate544.jpg 1 16 6 317 114
patentes/clplate545.jpg 1 21 8 328 118
patentes/clplate546.jpg 1 132 48 173 62
patentes/clplate547.jpg 1 144 52 151 54
patentes/clplate548.jpg 1 120 43 185 66
patentes/clplate549.jpg 1 181 65 144 52
patentes/clplate550.jpg 1 102 37 198 71
patentes/clplate551.jpg 1 7 2 336 121
patentes/clplate552.jpg 1 63 23 174 62
patentes/clplate553.jpg 1 173 63 149 53
patentes/clplate554.jpg 1 151 54 125 45
patentes/clplate555.jpg 1 50 18 296 106
patentes/clplate556.jpg 1 24 8 322 116
patentes/clplate557.jpg 1 24 8 158 57
patentes/clplate558.jpg 1 69 25 239 86
patentes/clplate559.jpg 1 37 13 168 60
patentes/clplate560.jpg 1 47 17 128 46
patentes/clplate561.jpg 1 0 0 359 129
patentes/clplate562.jpg 1 27 10 263 94
patentes/clplate563.jpg 1 15 5 333 120
patentes/clplate564.jpg 1 119 43 149 53
patentes/clplate565.jpg 1 17 6 337 121
patentes/clplate566.jpg 1 47 17 234 84
patentes/clplate567.jpg 1 3 1 344 124
patentes/clplate568.jpg 1 30 11 306 110
patentes/clplate569.jpg 1 62 22 266 96
patentes/clplate570.jpg 1 73 26 189 68
patentes/clplate571.jpg 1 1 0 358 129
patentes/clplate572.jpg 1 50 18 284 102
patentes/clplate573.jpg 1 21 8 191 68
patentes/clplate574.jpg 1 23 8 324 117
patentes/clplate575.jpg 1 36 13 174 62
patentes/clplate576.jpg 1 93 33 225 81
patentes/clplate577.jpg 1 124 45 187 67
patentes/clplate578.jpg 1 106 38 130 46
patentes/clplate579.jpg 1 72 26 205 74
patentes/clplate580.jpg 1 24 9 329 118
patentes/clplate581.jpg 1 61 22 121 43
patentes/clplate582.jpg 1 146 53 166 59
patentes/clplate583.jpg 1 67 24 232 83
patentes/clplate584.jpg 1 58 21 175 63
patentes/clplate585.jpg 1 14 5 340 122
patentes/clplate586.jpg 1 87 32 257 92
patentes/clplate587.jpg 1 14 5 316 114
patentes/clplate588.jpg 1 27 9 322 116
patentes/clplate589.jpg 1 119 43 171 61
patentes/clplate590.jpg 1 105 38 133 48
patentes/clplate591.jpg 1 115 41 182 65
patentes/clplate592.jpg 1 120 43 206 74
patentes/clplate593.jpg 1 0 0 358 129
patentes/clplate594.jpg 1 60 22 154 55
patentes/clplate595.jpg 1 25 9 230 83
patentes/clplate596.jpg 1 39 14 290 104
patentes/clplate597.jpg 1 121 43 219 79
patentes/clplate598.jpg 1 14 5 314 113
patentes/clplate599.jpg 1 169 61 129 46
patentes/clplate600.jpg 1 169 61 142 51
patentes/clplate601.jpg 1 22 8 305 110
patentes/clplate602.jpg 1 25 9 271 97
patentes/clplate603.jpg 1 11 4 295 106
patentes/clplate604.jpg 1 1 0 356 128
patentes/clplate605.jpg 1 20 7 328 118
patentes/clplate606.jpg 1 22 8 334 120
patentes/clplate607.jpg 1 17 6 230 83
patentes/clplate608.jpg 1 32 12 318 114
patentes/clplate609.jpg 1 13 4 231 83
patentes/clplate610.jpg 1 101 36 216 78
patentes/clplate611.jpg 1 5 2 323 116
patentes/clplate612.jpg 1 122 44 169 61
patentes/clplate613.jpg 1 82 30 181 65
patentes/clplate614.jpg 1 102 36 133 48
patentes/clplate615.jpg 1 103 37 139 50
patentes/clplate616.jpg 1 18 6 179 64
patentes/clplate617.jpg 1 128 46 212 76
patentes/clplate618.jpg 1 96 35 215 77
patentes/clplate619.jpg 1 39 14 169 61
patentes/clplate620.jpg 1 34 12 140 50
patentes/clplate621.jpg 1 71 26 184 66
patentes/clplate622.jpg 1 34 12 319 115
patentes/clplate623.jpg 1 31 11 304 109
patentes/clplate624.jpg 1 64 23 246 88
patentes/clplate625.jpg 1 24 9 222 80
patentes/clplate626.jpg 1 2 0 344 124
patentes/clplate627.jpg 1 38 14 166 59
patentes/clplate628.jpg 1 22 8 288 104
patentes/clplate629.jpg 1 52 19 299 107
patentes/clplate630.jpg 1 19 7 240 86
patentes/clplate631.jpg 1 114 41 185 66
patentes/clplate632.jpg 1 15 5 339 122
patentes/clplate633.jpg 1 22 8 327 118
patentes/clplate634.jpg 1 126 45 139 50
patentes/clplate635.jpg 1 13 5 326 117
patentes/clplate636.jpg 1 5 2 353 127
patentes/clplate637.jpg 1 25 9 320 115
patentes/clplate638.jpg 1 65 24 245 88
patentes/clplate639.jpg 1 151 55 187 67
patentes/clplate640.jpg 1 35 13 290 104
patentes/clplate641.jpg 1 46 17 273 98
patentes/clplate642.jpg 1 2 1 356 128
patentes/clplate643.jpg 1 19 7 269 97
patentes/clplate644.jpg 1 38 14 180 65
patentes/clplate645.jpg 1 23 8 324 117
patentes/clplate646.jpg 1 149 54 189 68
patentes/clplate647.jpg 1 77 28 170 61
patentes/clplate648.jpg 1 107 39 190 68
patentes/clplate649.jpg 1 10 3 314 113
patentes/clplate650.jpg 1 29 10 325 117
patentes/clplate651.jpg 1 43 15 297 107
patentes/clplate652.jpg 1 10 3 288 104
patentes/clplate653.jpg 1 12 4 289 104
patentes/clplate654.jpg 1 85 31 155 55
patentes/clplate655.jpg 1 20 7 336 121
patentes/clplate656.jpg 1 21 8 320 115
patentes/clplate657.jpg 1 25 9 277 100
patentes/clplate658.jpg 1 2 0 355 128
patentes/clplate659.jpg 1 16 5 272 98
patentes/clplate660.jpg 1 125 45 166 59
patentes/clplate661.jpg 1 31 11 165 59
patentes/clplate662.jpg 1 26 10 310 111
patentes/clplate663.jpg 1 23 8 311 112
patentes/clplate664.jpg 1 63 23 260 93
patentes/clplate665.jpg 1 50 18 211 76
patentes/clplate666.jpg 1 47 17 284 102
patentes/clplate667.jpg 1 50 18 282 101
patentes/clplate668.jpg 1 24 8 222 80
patentes/clplate669.jpg 1 38 13 251 90
patentes/clplate670.jpg 1 112 41 209 75
patentes/clplate671.jpg 1 11 4 288 104
patentes/clplate672.jpg 1 48 17 162 58
patentes/clplate673.jpg 1 5 2 304 109
patentes/clplate674.jpg 1 10 4 341 123
patentes/clplate675.jpg 1 123 44 200 72
patentes/clplate676.jpg 1 32 11 291 105
patentes/clplate677.jpg 1 168 60 158 57
patentes/clplate678.jpg 1 2 0 347 125
patentes/clplate679.jpg 1 7 2 318 114
patentes/clplate680.jpg 1 22 8 251 90
patentes/clplate681.jpg 1 98 36 199 71
patentes/clplate682.jpg 1 61 22 178 64
patentes/clplate683.jpg 1 3 1 348 125
patentes/clplate684.jpg 1 44 16 273 98
patentes/clplate685.jpg 1 77 28 132 47
patentes/clplate686.jpg 1 37 13 277 100
patentes/clplate687.jpg 1 91 33 201 72
patentes/clplate688.jpg 1 55 20 279 100
patentes/clplate689.jpg 1 89 32 226 81
patentes/clplate690.jpg 1 17 6 316 114
patentes/clplate691.jpg 1 39 14 279 100
patentes/clplate692.jpg 1 58 21 294 106
patentes/clplate693.jpg 1 127 46 181 65
patentes/clplate694.jpg 1 89 32 236 85
patentes/clplate695.jpg 1 141 51 179 64
patentes/clplate696.jpg 1 45 17 298 107
patentes/clplate697.jpg 1 130 47 135 48
patentes/clplate698.jpg 1 135 49 198 71
patentes/clplate699.jpg 1 164 59 139 50
patentes/clplate700.jpg 1 133 48 192 69
patentes/clplate701.jpg 1 152 55 189 68
patentes/clplate702.jpg 1 162 58 178 64
patentes/clplate703.jpg 1 38 14 226 81
patentes/clplate704.jpg 1 136 50 166 59
patentes/clplate705.jpg 1 20 7 336 121
patentes/clplate706.jpg 1 13 4 299 107
patentes/clplate707.jpg 1 77 28 204 73
patentes/clplate708.jpg 1 115 41 148 53
patentes/clplate709.jpg 1 109 39 234 84
patentes/clplate710.jpg 1 174 63 143 51
patentes/clplate711.jpg 1 40 15 300 108
patentes/clplate712.jpg 1 2 0 341 123
patentes/clplate713.jpg 1 41 15 247 89
patentes/clplate714.jpg 1 52 18 169 61
patentes/clplate715.jpg 1 1 0 358 129
patentes/clplate716.jpg 1 2 0 347 125
patentes/clplate717.jpg 1 46 16 172 62
patentes/clplate718.jpg 1 9 3 329 118
patentes/clplate719.jpg 1 112 40 120 43
patentes/clplate720.jpg 1 64 23 149 53
patentes/clplate721.jpg 1 146 53 183 66
patentes/clplate722.jpg 1 41 15 308 111
patentes/clplate723.jpg 1 19 6 305 110
patentes/clplate724.jpg 1 75 27 229 82
patentes/clplate725.jpg 1 28 10 309 111
patentes/clplate726.jpg 1 60 22 282 101
patentes/clplate727.jpg 1 151 54 162 58
patentes/clplate728.jpg 1 4 1 338 122
patentes/clplate729.jpg 1 92 33 248 89
patentes/clplate730.jpg 1 9 3 304 109
patentes/clplate731.jpg 1 105 38 215 77
patentes/clplate732.jpg 1 96 35 189 68
patentes/clplate733.jpg 1 128 46 160 57
patentes/clplate734.jpg 1 64 23 268 96
patentes/clplate735.jpg 1 25 9 331 119
patentes/clplate736.jpg 1 42 15 271 97
patentes/clplate737.jpg 1 160 58 142 51
patentes/clplate738.jpg 1 2 1 356 128
patentes/clplate739.jpg 1 75 27 158 57
patentes/clplate740.jpg 1 115 42 201 72
patentes/clplate741.jpg 1 180 65 127 45
patentes/clplate742.jpg 1 99 36 212 76
patentes/clplate743.jpg 1 157 57 129 46
patentes/clplate744.jpg 1 7 2 349 126
patentes/clplate745.jpg 1 72 26 249 89
patentes/clplate746.jpg 1 7 3 345 124
patentes/clplate747.jpg 1 126 46 154 55
patentes/clplate748.jpg 1 23 8 279 100
patentes/clplate749.jpg 1 25 9 316 114
patentes/clplate750.jpg 1 73 26 141 50
patentes/clplate751.jpg 1 38 14 312 112
patentes/clplate752.jpg 1 118 42 200 72
patentes/clplate753.jpg 1 6 2 304 109
patentes/clplate754.jpg 1 133 48 176 63
patentes/clplate755.jpg 1 11 4 263 94
patentes/clplate756.jpg 1 15 5 288 104
patentes/clplate757.jpg 1 25 9 329 118
patentes/clplate758.jpg 1 15 5 239 86
patentes/clplate759.jpg 1 38 13 286 103
patentes/clplate760.jpg 1 67 24 243 87
patentes/clplate761.jpg 1 137 49 180 65
patentes/clplate762.jpg 1 172 62 142 51
patentes/clplate763.jpg 1 78 28 147 53
patentes/clplate764.jpg 1 15 5 330 119
patentes/clplate765.jpg 1 17 6 292 105
patentes/clplate766.jpg 1 60 22 264 95
patentes/clplate767.jpg 1 44 16 279 100
patentes/clplate768.jpg 1 70 25 242 87
patentes/clplate769.jpg 1 90 33 182 65
patentes/clplate770.jpg 1 58 21 225 81
patentes/clplate771.jpg 1 138 50 184 66
patentes/clplate772.jpg 1 139 50 204 73
patentes/clplate773.jpg 1 21 7 196 70
patentes/clplate774.jpg 1 173 63 152 54
patentes/clplate775.jpg 1 48 18 293 105
patentes/clplate776.jpg 1 68 25 260 93
patentes/clplate777.jpg 1 72 26 256 92
patentes/clplate778.jpg 1 97 35 239 86
patentes/clplate779.jpg 1 33 12 203 73
patentes/clplate780.jpg 1 115 42 127 45
patentes/clplate781.jpg 1 17 6 333 120
patentes/clplate782.jpg 1 132 48 190 68
patentes/clplate783.jpg 1 80 29 248 89
patentes/clplate784.jpg 1 135 48 164 59
patentes/clplate785.jpg 1 26 10 329 118
patentes/clplate786.jpg 1 120 43 161 58
patentes/clplate787.jpg 1 104 38 185 66
patentes/clplate788.jpg 1 36 13 269 97
patentes/clplate789.jpg 1 92 33 239 86
patentes/clplate790.jpg 1 145 53 196 70
patentes/clplate791.jpg 1 18 6 308 111
patentes/clplate792.jpg 1 67 24 225 81
patentes/clplate793.jpg 1 67 24 280 101
patentes/clplate794.jpg 1 39 14 307 110
patentes/clplate795.jpg 1 47 17 300 108
patentes/clplate796.jpg 1 21 7 188 67
patentes/clplate797.jpg 1 1 0 351 126
patentes/clplate798.jpg 1 35 13 245 88
patentes/clplate799.jpg 1 89 33 251 90
patentes/clplate800.jpg 1 35 13 299 107
patentes/clplate801.jpg 1 83 30 193 69
patentes/clplate802.jpg 1 185 67 138 49
patentes/clplate803.jpg 1 61 22 218 78
patentes/clplate804.jpg 1 100 36 172 62
patentes/clplate805.jpg 1 160 58 146 52
patentes/clplate806.jpg 1 36 13 220 79
patentes/clplate807.jpg 1 25 9 302 109
patentes/clplate808.jpg 1 7 2 331 119
patentes/clplate809.jpg 1 0 0 357 128
patentes/clplate810.jpg 1 31 11 246 88
patentes/clplate811.jpg 1 66 24 203 73
patentes/clplate812.jpg 1 171 61 147 53
patentes/clplate813.jpg 1 16 6 320 115
patentes/clplate814.jpg 1 6 2 334 120
patentes/clplate815.jpg 1 27 10 323 116
patentes/clplate816.jpg 1 49 18 295 106
patentes/clplate817.jpg 1 4 1 337 121
patentes/clplate818.jpg 1 91 33 235 84
patentes/clplate819.jpg 1 92 33 228 82
patentes/clplate820.jpg 1 123 45 193 69
patentes/clplate821.jpg 1 11 4 327 118
patentes/clplate822.jpg 1 6 2 309 111
patentes/clplate823.jpg 1 147 53 149 53
patentes/clplate824.jpg 1 91 33 205 74
patentes/clplate825.jpg 1 22 8 175 63
patentes/clplate826.jpg 1 14 5 320 115
patentes/clplate827.jpg 1 16 6 333 120
patentes/clplate828.jpg 1 39 14 306 110
patentes/clplate829.jpg 1 10 4 347 125
patentes/clplate830.jpg 1 102 37 244 88
patentes/clplate831.jpg 1 125 45 124 44
patentes/clplate832.jpg 1 80 29 253 91
patentes/clplate833.jpg 1 24 8 230 83
patentes/clplate834.jpg 1 13 5 340 122
patentes/clplate835.jpg 1 16 5 252 91
patentes/clplate836.jpg 1 7 2 347 125
patentes/clplate837.jpg 1 40 14 237 85
patentes/clplate838.jpg 1 110 40 212 76
patentes/clplate839.jpg 1 29 10 251 90
patentes/clplate840.jpg 1 1 0 354 127
patentes/clplate841.jpg 1 3 1 350 126
patentes/clplate842.jpg 1 86 32 263 94
patentes/clplate843.jpg 1 64 23 236 85
patentes/clplate844.jpg 1 116 42 165 59
patentes/clplate845.jpg 1 43 16 292 105
patentes/clplate846.jpg 1 5 2 344 124
patentes/clplate847.jpg 1 167 60 142 51
patentes/clplate848.jpg 1 59 21 234 84
patentes/clplate849.jpg 1 73 26 154 55
patentes/clplate850.jpg 1 26 9 164 59
patentes/clplate851.jpg 1 87 31 184 66
patentes/clplate852.jpg 1 43 15 185 66
patentes/clplate853.jpg 1 29 10 247 89
patentes/clplate854.jpg 1 76 27 160 57
patentes/clplate855.jpg 1 20 7 336 121
patentes/clplate856.jpg 1 170 62 121 43
patentes/clplate857.jpg 1 43 15 264 95
patentes/clplate858.jpg 1 62 22 139 50
patentes/clplate859.jpg 1 28 10 274 98
patentes/clplate860.jpg 1 19 6 338 122
patentes/clplate861.jpg 1 34 13 310 111
patentes/clplate862.jpg 1 46 16 196 70
patentes/clplate863.jpg 1 156 57 141 50
patentes/clplate864.jpg 1 0 0 356 128
patentes/clplate865.jpg 1 13 4 264 95
patentes/clplate866.jpg 1 42 15 295 106
patentes/clplate867.jpg 1 40 14 239 86
patentes/clplate868.jpg 1 47 17 282 101
patentes/clplate869.jpg 1 140 50 178 64
patentes/clplate870.jpg 1 50 18 186 67
patentes/clplate871.jpg 1 116 42 141 50
patentes/clplate872.jpg 1 136 49 178 64
patentes/clplate873.jpg 1 48 17 137 49
patentes/clplate874.jpg 1 2 1 347 125
patentes/clplate875.jpg 1 16 6 322 116
patentes/clplate876.jpg 1 112 40 164 59
patentes/clplate877.jpg 1 74 27 228 82
patentes/clplate878.jpg 1 1 0 355 128
patentes/clplate879.jpg 1 27 10 276 99
patentes/clplate880.jpg 1 74 27 135 48
patentes/clplate881.jpg 1 82 30 185 66
patentes/clplate882.jpg 1 15 5 243 87
patentes/clplate883.jpg 1 131 48 166 59
patentes/clplate884.jpg 1 74 27 225 81
patentes/clplate885.jpg 1 109 40 210 75
patentes/clplate886.jpg 1 91 33 192 69
patentes/clplate887.jpg 1 17 6 320 115
patentes/clplate888.jpg 1 5 2 327 118
patentes/clplate889.jpg 1 13 5 256 92
patentes/clplate890.jpg 1 46 16 283 102
patentes/clplate891.jpg 1 118 43 126 45
patentes/clplate892.jpg 1 27 10 301 108
patentes/clplate893.jpg 1 44 16 304 109
patentes/clplate894.jpg 1 107 38 208 75
patentes/clplate895.jpg 1 34 12 262 94
patentes/clplate896.jpg 1 99 36 203 73
patentes/clplate897.jpg 1 4 1 347 125
patentes/clplate898.jpg 1 31 11 196 70
patentes/clplate899.jpg 1 144 52 149 53
patentes/clplate900.jpg 1 12 4 254 91
patentes/clplate901.jpg 1 81 29 174 62
patentes/clplate902.jpg 1 28 10 143 51
patentes/clplate903.jpg 1 101 36 212 76
patentes/clplate904.jpg 1 121 44 146 52
patentes/clplate905.jpg 1 86 31 148 53
patentes/clplate906.jpg 1 124 45 168 60
patentes/clplate907.jpg 1 88 32 131 47
patentes/clplate908.jpg 1 0 0 353 127
patentes/clplate909.jpg 1 104 38 215 77
patentes/clplate910.jpg 1 11 4 309 111
patentes/clplate911.jpg 1 105 38 205 74
patentes/clplate912.jpg 1 94 34 158 57
patentes/clplate913.jpg 1 2 1 351 126
patentes/clplate914.jpg 1 11 4 337 121
patentes/clplate915.jpg 1 45 16 289 104
patentes/clplate916.jpg 1 46 16 230 83
patentes/clplate917.jpg 1 19 7 232 83
patentes/clplate918.jpg 1 90 33 227 81
patentes/clplate919.jpg 1 0 0 358 129
patentes/clplate920.jpg 1 18 6 208 75
patentes/clplate921.jpg 1 4 1 337 121
patentes/clplate922.jpg 1 21 7 246 88
patentes/clplate923.jpg 1 97 35 159 57
patentes/clplate924.jpg 1 90 33 221 79
patentes/clplate925.jpg 1 11 4 283 102
patentes/clplate926.jpg 1 125 45 215 77
patentes/clplate927.jpg 1 18 6 309 111
patentes/clplate928.jpg 1 61 22 233 84
patentes/clplate929.jpg 1 83 30 155 55
patentes/clplate930.jpg 1 20 7 267 96
patentes/clplate931.jpg 1 12 4 294 106
patentes/clplate932.jpg 1 67 24 260 93
patentes/clplate933.jpg 1 29 11 312 112
patentes/clplate934.jpg 1 69 26 282 101
patentes/clplate935.jpg 1 29 10 229 82
patentes/clplate936.jpg 1 118 42 175 63
patentes/clplate937.jpg 1 101 36 222 80
patentes/clplate938.jpg 1 86 31 169 61
patentes/clplate939.jpg 1 100 36 137 49
patentes/clplate940.jpg 1 78 28 262 94
patentes/clplate941.jpg 1 19 7 321 115
patentes/clplate942.jpg 1 21 7 282 101
patentes/clplate943.jpg 1 61 22 160 57
patentes/clplate944.jpg 1 1 0 358 129
patentes/clplate945.jpg 1 169 61 132 47
patentes/clplate946.jpg 1 48 17 205 74
patentes/clplate947.jpg 1 114 41 196 70
patentes/clplate948.jpg 1 33 12 281 101
patentes/clplate949.jpg 1 105 38 172 62
patentes/clplate950.jpg 1 54 19 213 76
patentes/clplate951.jpg 1 153 56 188 67
patentes/clplate952.jpg 1 77 28 250 90
patentes/clplate953.jpg 1 0 0 359 129
patentes/clplate954.jpg 1 31 11 213 76
patentes/clplate955.jpg 1 126 46 154 55
patentes/clplate956.jpg 1 38 14 177 63
patentes/clplate957.jpg 1 96 35 206 74
patentes/clplate958.jpg 1 114 41 205 74
patentes/clplate959.jpg 1 175 63 154 55
patentes/clplate960.jpg 1 180 65 131 47
patentes/clplate961.jpg 1 49 18 157 56
patentes/clplate962.jpg 1 115 42 199 71
patentes/clplate963.jpg 1 11 4 332 119
patentes/clplate964.jpg 1 25 9 226 81
patentes/clplate965.jpg 1 5 2 353 127
patentes/clplate966.jpg 1 83 30 257 92
patentes/clplate967.jpg 1 80 29 267 96
patentes/clplate968.jpg 1 4 1 350 126
patentes/clplate969.jpg 1 117 42 123 44
patentes/clplate970.jpg 1 14 5 243 87
patentes/clplate971.jpg 1 111 40 164 59
patentes/clplate972.jpg 1 118 42 136 49
patentes/clplate973.jpg 1 128 46 159 57
patentes/clplate974.jpg 1 120 43 220 79
patentes/clplate975.jpg 1 7 2 331 119
patentes/clplate976.jpg 1 15 5 319 115
patentes/clplate977.jpg 1 190 69 148 53
patentes/clplate978.jpg 1 87 32 260 93
patentes/clplate979.jpg 1 119 43 206 74
patentes/clplate980.jpg 1 128 46 189 68
patentes/clplate981.jpg 1 99 36 157 56
patentes/clplate982.jpg 1 15 5 231 83
patentes/clplate983.jpg 1 23 8 252 91
patentes/clplate984.jpg 1 48 17 232 83
patentes/clplate985.jpg 1 107 38 228 82
patentes/clplate986.jpg 1 132 48 155 55
patentes/clplate987.jpg 1 76 27 146 52
patentes/clplate988.jpg 1 62 22 182 65
patentes/clplate989.jpg 1 19 7 178 64
patentes/clplate990.jpg 1 11 4 246 88
patentes/clplate991.jpg 1 51 18 280 101
patentes/clplate992.jpg 1 119 43 147 53
patentes/clplate993.jpg 1 43 15 203 73
patentes/clplate994.jpg 1 80 29 220 79
patentes/clplate995.jpg 1 25 9 192 69
patentes/clplate996.jpg 1 0 0 357 128
patentes/clplate997.jpg 1 131 47 146 52
patentes/clplate998.jpg 1 148 54 184 66
patentes/clplate999.jpg 1 23 8 264 95
patentes/clplate1000.jpg 1 11 4 343 123
patentes/clplate1001.jpg 1 4 1 333 120
patentes/clplate1002.jpg 1 68 24 215 77
patentes/clplate1003.jpg 1 4 1 347 125
patentes/clplate1004.jpg 1 31 11 307 110
patentes/clplate1005.jpg 1 36 13 296 106
patentes/clplate1006.jpg 1 90 32 183 66
patentes/clplate1007.jpg 1 5 2 307 110
patentes/clplate1008.jpg 1 39 14 306 110
patentes/clplate1009.jpg 1 23 8 319 115
patentes/clplate1010.jpg 1 34 12 186 67
patentes/clplate1011.jpg 1 105 38 167 60
patentes/clplate1012.jpg 1 133 48 205 74
patentes/clplate1013.jpg 1 171 62 134 48
patentes/clplate1014.jpg 1 34 12 304 109
patentes/clplate1015.jpg 1 22 8 236 85
patentes/clplate1016.jpg 1 113 41 226 81
patentes/clplate1017.jpg 1 50 18 297 107
patentes/clplate1018.jpg 1 14 5 305 110
patentes/clplate1019.jpg 1 55 20 298 107
patentes/clplate1020.jpg 1 58 21 177 63
patentes/clplate1021.jpg 1 2 1 357 128
patentes/clplate1022.jpg 1 47 17 195 70
patentes/clplate1023.jpg 1 7 2 338 122
patentes/clplate1024.jpg 1 52 19 171 61
patentes/clplate1025.jpg 1 129 46 205 74
patentes/clplate1026.jpg 1 45 16 252 91
patentes/clplate1027.jpg 1 15 5 334 120
patentes/clplate1028.jpg 1 8 3 341 123
patentes/clplate1029.jpg 1 32 11 126 45
patentes/clplate1030.jpg 1 2 0 355 128
patentes/clplate1031.jpg 1 83 30 213 76
patentes/clplate1032.jpg 1 1 0 353 127
patentes/clplate1033.jpg 1 44 16 295 106
patentes/clplate1034.jpg 1 93 34 191 68
patentes/clplate1035.jpg 1 159 57 167 60
patentes/clplate1036.jpg 1 23 8 274 98
patentes/clplate1037.jpg 1 10 3 344 124
patentes/clplate1038.jpg 1 11 4 328 118
patentes/clplate1039.jpg 1 58 21 179 64
patentes/clplate1040.jpg 1 46 16 256 92
patentes/clplate1041.jpg 1 34 12 271 97
patentes/clplate1042.jpg 1 86 31 152 54
patentes/clplate1043.jpg 1 158 58 174 62
patentes/clplate1044.jpg 1 136 49 161 58
patentes/clplate1045.jpg 1 84 30 135 48
patentes/clplate1046.jpg 1 139 50 169 61
patentes/clplate1047.jpg 1 102 37 170 61
patentes/clplate1048.jpg 1 37 13 295 106
patentes/clplate1049.jpg 1 135 49 194 70
patentes/clplate1050.jpg 1 23 8 311 112
patentes/clplate1051.jpg 1 104 37 192 69
patentes/clplate1052.jpg 1 66 24 178 64
patentes/clplate1053.jpg 1 5 1 349 126
patentes/clplate1054.jpg 1 55 20 270 97
patentes/clplate1055.jpg 1 64 23 275 99
patentes/clplate1056.jpg 1 76 27 250 90
patentes/clplate1057.jpg 1 70 25 248 89
patentes/clplate1058.jpg 1 12 4 326 117
patentes/clplate1059.jpg 1 203 74 123 44
patentes/clplate1060.jpg 1 19 6 200 72
patentes/clplate1061.jpg 1 21 7 213 76
patentes/clplate1062.jpg 1 38 14 217 78
patentes/clplate1063.jpg 1 31 11 318 114
patentes/clplate1064.jpg 1 107 38 158 57
patentes/clplate1065.jpg 1 11 4 307 110
patentes/clplate1066.jpg 1 58 21 213 76
patentes/clplate1067.jpg 1 86 31 233 84
patentes/clplate1068.jpg 1 1 0 352 127
patentes/clplate1069.jpg 1 162 59 171 61
patentes/clplate1070.jpg 1 115 42 145 52
patentes/clplate1071.jpg 1 74 27 207 74
patentes/clplate1072.jpg 1 8 2 327 118
patentes/clplate1073.jpg 1 95 34 214 77
patentes/clplate1074.jpg 1 101 37 227 81
patentes/clplate1075.jpg 1 19 6 176 63
patentes/clplate1076.jpg 1 99 36 170 61
patentes/clplate1077.jpg 1 60 22 165 59
patentes/clplate1078.jpg 1 67 24 240 86
patentes/clplate1079.jpg 1 3 1 352 127
patentes/clplate1080.jpg 1 35 12 291 105
patentes/clplate1081.jpg 1 148 53 147 53
patentes/clplate1082.jpg 1 2 1 353 127
patentes/clplate1083.jpg 1 187 67 145 52
patentes/clplate1084.jpg 1 117 42 220 79
patentes/clplate1085.jpg 1 30 11 298 107
patentes/clplate1086.jpg 1 161 58 157 56
patentes/clplate1087.jpg 1 121 44 126 45
patentes/clplate1088.jpg 1 20 7 325 117
patentes/clplate1089.jpg 1 75 27 124 44
patentes/clplate1090.jpg 1 73 27 232 83
patentes/clplate1091.jpg 1 39 14 308 111
patentes/clplate1092.jpg 1 2 0 348 125
patentes/clplate1093.jpg 1 139 51 163 58
patentes/clplate1094.jpg 1 57 20 128 46
patentes/clplate1095.jpg 1 91 33 242 87
patentes/clplate1096.jpg 1 28 10 138 49
patentes/clplate1097.jpg 1 115 42 129 46
patentes/clplate1098.jpg 1 15 5 294 106
patentes/clplate1099.jpg 1 64 23 249 89
patentes/clplate1100.jpg 1 34 12 282 101
patentes/clplate1101.jpg 1 19 6 181 65
patentes/clplate1102.jpg 1 72 26 225 81
patentes/clplate1103.jpg 1 34 13 307 110
patentes/clplate1104.jpg 1 63 23 226 81
patentes/clplate1105.jpg 1 98 35 211 76
patentes/clplate1106.jpg 1 9 3 343 123
patentes/clplate1107.jpg 1 46 16 258 93
patentes/clplate1108.jpg 1 13 4 311 112
patentes/clplate1109.jpg 1 43 16 271 97
patentes/clplate1110.jpg 1 154 56 127 45
patentes/clplate1111.jpg 1 64 23 286 103
patentes/clplate1112.jpg 1 91 33 211 76
patentes/clplate1113.jpg 1 45 16 149 53
patentes/clplate1114.jpg 1 93 33 255 92
patentes/clplate1115.jpg 1 1 0 358 129
patentes/clplate1116.jpg 1 174 63 142 51
patentes/clplate1117.jpg 1 25 9 154 55
patentes/clplate1118.jpg 1 11 4 309 111
patentes/clplate1119.jpg 1 36 13 239 86
patentes/clplate1120.jpg 1 89 32 179 64
patentes/clplate1121.jpg 1 125 45 129 46
patentes/clplate1122.jpg 1 21 8 318 114
patentes/clplate1123.jpg 1 45 16 262 94
patentes/clplate1124.jpg 1 133 48 143 51
patentes/clplate1125.jpg 1 16 6 314 113
patentes/clplate1126.jpg 1 24 8 297 107
patentes/clplate1127.jpg 1 54 19 291 105
patentes/clplate1128.jpg 1 114 41 197 71
patentes/clplate1129.jpg 1 34 12 286 103
patentes/clplate1130.jpg 1 44 16 242 87
patentes/clplate1131.jpg 1 58 21 160 57
patentes/clplate1132.jpg 1 24 8 176 63
patentes/clplate1133.jpg 1 34 12 306 110
patentes/clplate1134.jpg 1 74 27 148 53
patentes/clplate1135.jpg 1 30 10 158 57
patentes/clplate1136.jpg 1 91 32 205 74
patentes/clplate1137.jpg 1 102 37 143 51
patentes/clplate1138.jpg 1 86 31 227 81
patentes/clplate1139.jpg 1 157 57 172 62
patentes/clplate1140.jpg 1 39 14 260 93
patentes/clplate1141.jpg 1 19 7 207 74
patentes/clplate1142.jpg 1 66 24 255 92
patentes/clplate1143.jpg 1 23 8 161 58
patentes/clplate1144.jpg 1 178 64 159 57
patentes/clplate1145.jpg 1 13 4 338 122
patentes/clplate1146.jpg 1 95 35 246 88
patentes/clplate1147.jpg 1 63 23 126 45
patentes/clplate1148.jpg 1 29 10 304 109
patentes/clplate1149.jpg 1 82 30 262 94
patentes/clplate1150.jpg 1 32 11 319 115
patentes/clplate1151.jpg 1 111 40 219 79
patentes/clplate1152.jpg 1 7 2 316 114
patentes/clplate1153.jpg 1 41 15 307 110
patentes/clplate1154.jpg 1 60 21 258 93
patentes/clplate1155.jpg 1 21 7 183 66
patentes/clplate1156.jpg 1 10 3 276 99
patentes/clplate1157.jpg 1 103 37 206 74
patentes/clplate1158.jpg 1 34 12 302 109
patentes/clplate1159.jpg 1 138 49 158 57
patentes/clplate1160.jpg 1 20 7 265 95
patentes/clplate1161.jpg 1 94 34 225 81
patentes/clplate1162.jpg 1 0 0 359 129
patentes/clplate1163.jpg 1 32 12 314 113
patentes/clplate1164.jpg 1 106 38 161 58
patentes/clplate1165.jpg 1 2 1 347 125
patentes/clplate1166.jpg 1 11 4 343 123
patentes/clplate1167.jpg 1 61 22 262 94
patentes/clplate1168.jpg 1 26 9 303 109
patentes/clplate1169.jpg 1 29 10 152 54
patentes/clplate1170.jpg 1 152 55 145 52
patentes/clplate1171.jpg 1 0 0 359 129
patentes/clplate1172.jpg 1 69 25 246 88
patentes/clplate1173.jpg 1 18 6 293 105
patentes/clplate1174.jpg 1 17 6 310 111
patentes/clplate1175.jpg 1 40 14 286 103
patentes/clplate1176.jpg 1 57 20 280 101
patentes/clplate1177.jpg 1 46 17 228 82
patentes/clplate1178.jpg 1 1 0 358 129
patentes/clplate1179.jpg 1 24 8 289 104
patentes/clplate1180.jpg 1 45 16 146 52
patentes/clplate1181.jpg 1 19 6 169 61
patentes/clplate1182.jpg 1 74 27 257 92
patentes/clplate1183.jpg 1 28 10 147 53
patentes/clplate1184.jpg 1 114 41 176 63
patentes/clplate1185.jpg 1 42 15 217 78
patentes/clplate1186.jpg 1 127 46 181 65
patentes/clplate1187.jpg 1 13 4 242 87
patentes/clplate1188.jpg 1 83 30 253 91
patentes/clplate1189.jpg 1 78 28 166 59
patentes/clplate1190.jpg 1 15 6 332 119
patentes/clplate1191.jpg 1 72 26 171 61
patentes/clplate1192.jpg 1 66 24 278 100
patentes/clplate1193.jpg 1 91 33 212 76
patentes/clplate1194.jpg 1 176 64 152 54
patentes/clplate1195.jpg 1 20 7 292 105
patentes/clplate1196.jpg 1 75 27 189 68
patentes/clplate1197.jpg 1 74 27 270 97
patentes/clplate1198.jpg 1 26 9 141 50
patentes/clplate1199.jpg 1 174 63 166 59
patentes/clplate1200.jpg 1 14 5 315 113
patentes/clplate1201.jpg 1 18 6 248 89
patentes/clplate1202.jpg 1 1 0 352 127
patentes/clplate1203.jpg 1 99 35 225 81
patentes/clplate1204.jpg 1 41 15 310 111
patentes/clplate1205.jpg 1 10 3 280 101
patentes/clplate1206.jpg 1 35 13 290 104
patentes/clplate1207.jpg 1 86 31 169 61
patentes/clplate1208.jpg 1 48 17 287 103
patentes/clplate1209.jpg 1 93 33 219 79
patentes/clplate1210.jpg 1 55 19 252 91
patentes/clplate1211.jpg 1 67 24 210 75
patentes/clplate1212.jpg 1 61 22 142 51
patentes/clplate1213.jpg 1 82 29 197 71
patentes/clplate1214.jpg 1 65 24 231 83
patentes/clplate1215.jpg 1 109 39 145 52
patentes/clplate1216.jpg 1 21 7 302 109
patentes/clplate1217.jpg 1 45 16 183 66
patentes/clplate1218.jpg 1 21 7 289 104
patentes/clplate1219.jpg 1 18 6 228 82
patentes/clplate1220.jpg 1 7 3 347 125
patentes/clplate1221.jpg 1 115 42 174 62
patentes/clplate1222.jpg 1 45 16 158 57
patentes/clplate1223.jpg 1 36 13 199 71
patentes/clplate1224.jpg 1 50 18 290 104
patentes/clplate1225.jpg 1 65 23 164 59
patentes/clplate1226.jpg 1 68 25 202 72
patentes/clplate1227.jpg 1 23 8 213 76
patentes/clplate1228.jpg 1 38 14 168 60
patentes/clplate1229.jpg 1 85 31 263 94
patentes/clplate1230.jpg 1 21 8 331 119
patentes/clplate1231.jpg 1 27 10 328 118
patentes/clplate1232.jpg 1 18 7 320 115
patentes/clplate1233.jpg 1 62 22 261 94
patentes/clplate1234.jpg 1 19 7 331 119
patentes/clplate1235.jpg 1 18 6 265 95
patentes/clplate1236.jpg 1 38 14 287 103
patentes/clplate1237.jpg 1 44 15 120 43
patentes/clplate1238.jpg 1 72 26 266 96
patentes/clplate1239.jpg 1 3 1 327 118
patentes/clplate1240.jpg 1 63 23 271 97
patentes/clplate1241.jpg 1 8 3 316 114
patentes/clplate1242.jpg 1 24 8 169 61
patentes/clplate1243.jpg 1 22 8 326 117
patentes/clplate1244.jpg 1 10 3 304 109
patentes/clplate1245.jpg 1 12 4 290 104
patentes/clplate1246.jpg 1 48 17 274 98
patentes/clplate1247.jpg 1 21 8 310 111
patentes/clplate1248.jpg 1 75 27 224 80
patentes/clplate1249.jpg 1 8 3 337 121
patentes/clplate1250.jpg 1 153 55 157 56
patentes/clplate1251.jpg 1 113 41 146 52
patentes/clplate1252.jpg 1 163 59 173 62
patentes/clplate1253.jpg 1 14 5 341 123
patentes/clplate1254.jpg 1 7 3 343 123
patentes/clplate1255.jpg 1 8 2 306 110
patentes/clplate1256.jpg 1 19 7 302 109
patentes/clplate1257.jpg 1 29 10 152 54
patentes/clplate1258.jpg 1 6 3 351 126
patentes/clplate1259.jpg 1 28 10 307 110
patentes/clplate1260.jpg 1 54 19 157 56
patentes/clplate1261.jpg 1 150 54 140 50
patentes/clplate1262.jpg 1 11 4 346 124
patentes/clplate1263.jpg 1 53 19 223 80
patentes/clplate1264.jpg 1 57 21 145 52
patentes/clplate1265.jpg 1 102 37 226 81
patentes/clplate1266.jpg 1 38 14 316 114
patentes/clplate1267.jpg 1 13 5 339 122
patentes/clplate1268.jpg 1 19 7 164 59
patentes/clplate1269.jpg 1 168 61 124 44
patentes/clplate1270.jpg 1 0 0 359 129
patentes/clplate1271.jpg 1 14 5 259 93
patentes/clplate1272.jpg 1 0 0 351 126
patentes/clplate1273.jpg 1 0 0 357 128
patentes/clplate1274.jpg 1 100 36 133 48
patentes/clplate1275.jpg 1 196 70 136 49
patentes/clplate1276.jpg 1 119 43 217 78
patentes/clplate1277.jpg 1 30 11 296 106
patentes/clplate1278.jpg 1 12 4 333 120
patentes/clplate1279.jpg 1 22 8 280 101
patentes/clplate1280.jpg 1 19 7 328 118
patentes/clplate1281.jpg 1 41 15 131 47
patentes/clplate1282.jpg 1 148 54 135 48
patentes/clplate1283.jpg 1 25 9 275 99
patentes/clplate1284.jpg 1 101 36 134 48
patentes/clplate1285.jpg 1 29 10 232 83
patentes/clplate1286.jpg 1 68 25 213 76
patentes/clplate1287.jpg 1 11 4 296 106
patentes/clplate1288.jpg 1 34 12 146 52
patentes/clplate1289.jpg 1 23 8 134 48
patentes/clplate1290.jpg 1 43 16 301 108
patentes/clplate1291.jpg 1 56 20 216 78
patentes/clplate1292.jpg 1 80 29 175 63
patentes/clplate1293.jpg 1 30 11 272 98
patentes/clplate1294.jpg 1 49 17 277 100
patentes/clplate1295.jpg 1 2 1 335 120
patentes/clplate1296.jpg 1 7 2 324 117
patentes/clplate1297.jpg 1 118 43 211 76
patentes/clplate1298.jpg 1 112 41 187 67
patentes/clplate1299.jpg 1 3 1 344 124
patentes/clplate1300.jpg 1 111 40 151 54
patentes/clplate1301.jpg 1 28 10 324 117
patentes/clplate1302.jpg 1 107 39 207 74
patentes/clplate1303.jpg 1 43 16 237 85
patentes/clplate1304.jpg 1 88 32 261 94
patentes/clplate1305.jpg 1 59 21 242 87
patentes/clplate1306.jpg 1 51 18 167 60
patentes/clplate1307.jpg 1 146 53 193 69
patentes/clplate1308.jpg 1 3 1 351 126
patentes/clplate1309.jpg 1 8 3 333 120
patentes/clplate1310.jpg 1 18 6 322 116
patentes/clplate1311.jpg 1 17 6 332 119
patentes/clplate1312.jpg 1 15 5 275 99
patentes/clplate1313.jpg 1 13 4 253 91
patentes/clplate1314.jpg 1 52 19 146 52
patentes/clplate1315.jpg 1 18 6 308 111
patentes/clplate1316.jpg 1 94 34 253 91
patentes/clplate1317.jpg 1 165 59 172 62
patentes/clplate1318.jpg 1 39 14 268 96
patentes/clplate1319.jpg 1 31 11 240 86
patentes/clplate1320.jpg 1 14 5 289 104
patentes/clplate1321.jpg 1 40 14 300 108
patentes/clplate1322.jpg 1 129 46 175 63
patentes/clplate1323.jpg 1 56 20 287 103
patentes/clplate1324.jpg 1 187 67 122 44
patentes/clplate1325.jpg 1 19 7 175 63
patentes/clplate1326.jpg 1 18 6 314 113
patentes/clplate1327.jpg 1 58 21 290 104
patentes/clplate1328.jpg 1 38 13 294 106
patentes/clplate1329.jpg 1 5 2 340 122
patentes/clplate1330.jpg 1 18 6 237 85
patentes/clplate1331.jpg 1 45 16 181 65
patentes/clplate1332.jpg 1 68 24 169 61
patentes/clplate1333.jpg 1 94 34 159 57
patentes/clplate1334.jpg 1 11 4 333 120
patentes/clplate1335.jpg 1 65 23 240 86
patentes/clplate1336.jpg 1 14 5 217 78
patentes/clplate1337.jpg 1 32 11 226 81
patentes/clplate1338.jpg 1 21 8 289 104
patentes/clplate1339.jpg 1 61 22 206 74
patentes/clplate1340.jpg 1 38 14 277 100
patentes/clplate1341.jpg 1 200 72 133 48
patentes/clplate1342.jpg 1 24 8 178 64
patentes/clplate1343.jpg 1 85 31 143 51
patentes/clplate1344.jpg 1 121 44 192 69
patentes/clplate1345.jpg 1 11 4 340 122
patentes/clplate1346.jpg 1 1 0 353 127
patentes/clplate1347.jpg 1 40 14 283 102
patentes/clplate1348.jpg 1 83 30 244 88
patentes/clplate1349.jpg 1 100 36 177 63
patentes/clplate1350.jpg 1 115 41 126 45
patentes/clplate1351.jpg 1 28 10 271 97
patentes/clplate1352.jpg 1 162 58 178 64
patentes/clplate1353.jpg 1 57 21 221 79
patentes/clplate1354.jpg 1 40 14 191 68
patentes/clplate1355.jpg 1 20 7 235 84
patentes/clplate1356.jpg 1 49 18 290 104
patentes/clplate1357.jpg 1 39 14 170 61
patentes/clplate1358.jpg 1 74 27 221 79
patentes/clplate1359.jpg 1 121 44 135 48
patentes/clplate1360.jpg 1 16 6 312 112
patentes/clplate1361.jpg 1 66 24 278 100
patentes/clplate1362.jpg 1 39 14 279 100
patentes/clplate1363.jpg 1 93 33 208 75
patentes/clplate1364.jpg 1 0 0 353 127
patentes/clplate1365.jpg 1 33 12 268 96
patentes/clplate1366.jpg 1 13 4 312 112
patentes/clplate1367.jpg 1 65 23 236 85
patentes/clplate1368.jpg 1 48 17 172 62
patentes/clplate1369.jpg 1 121 44 184 66
patentes/clplate1370.jpg 1 150 54 131 47
patentes/clplate1371.jpg 1 145 52 161 58
patentes/clplate1372.jpg 1 46 17 285 102
patentes/clplate1373.jpg 1 25 9 289 104
patentes/clplate1374.jpg 1 28 10 296 106
patentes/clplate1375.jpg 1 20 7 325 117
patentes/clplate1376.jpg 1 34 12 314 113
patentes/clplate1377.jpg 1 83 30 190 68
patentes/clplate1378.jpg 1 8 2 324 117
patentes/clplate1379.jpg 1 31 11 288 104
patentes/clplate1380.jpg 1 71 25 214 77
patentes/clplate1381.jpg 1 31 11 223 80
patentes/clplate1382.jpg 1 37 13 254 91
patentes/clplate1383.jpg 1 38 14 226 81
patentes/clplate1384.jpg 1 18 6 320 115
patentes/clplate1385.jpg 1 158 57 167 60
patentes/clplate1386.jpg 1 38 14 260 93
patentes/clplate1387.jpg 1 0 0 358 129
patentes/clplate1388.jpg 1 149 54 163 58
patentes/clplate1389.jpg 1 46 16 186 67
patentes/clplate1390.jpg 1 29 10 134 48
patentes/clplate1391.jpg 1 21 8 332 119
patentes/clplate1392.jpg 1 75 27 138 49
patentes/clplate1393.jpg 1 85 31 211 76
patentes/clplate1394.jpg 1 68 24 178 64
patentes/clplate1395.jpg 1 62 23 246 88
patentes/clplate1396.jpg 1 70 25 273 98
patentes/clplate1397.jpg 1 4 1 344 124
patentes/clplate1398.jpg 1 165 60 152 54
patentes/clplate1399.jpg 1 87 31 208 75
patentes/clplate1400.jpg 1 9 3 317 114
patentes/clplate1401.jpg 1 36 13 300 108
patentes/clplate1402.jpg 1 132 48 179 64
patentes/clplate1403.jpg 1 41 15 138 49
patentes/clplate1404.jpg 1 42 15 293 105
patentes/clplate1405.jpg 1 103 37 143 51
patentes/clplate1406.jpg 1 38 14 223 80
patentes/clplate1407.jpg 1 46 17 248 89
patentes/clplate1408.jpg 1 63 23 201 72
patentes/clplate1409.jpg 1 171 62 148 53
patentes/clplate1410.jpg 1 19 7 275 99
patentes/clplate1411.jpg 1 96 35 199 71
patentes/clplate1412.jpg 1 111 41 232 83
patentes/clplate1413.jpg 1 74 27 181 65
patentes/clplate1414.jpg 1 11 4 327 118
patentes/clplate1415.jpg 1 6 2 352 127
patentes/clplate1416.jpg 1 50 18 284 102
patentes/clplate1417.jpg 1 59 21 167 60
patentes/clplate1418.jpg 1 4 1 329 118
patentes/clplate1419.jpg 1 89 32 125 45
patentes/clplate1420.jpg 1 46 16 259 93
patentes/clplate1421.jpg 1 19 7 334 120
patentes/clplate1422.jpg 1 17 6 299 107
patentes/clplate1423.jpg 1 0 0 359 129
patentes/clplate1424.jpg 1 130 47 204 73
patentes/clplate1425.jpg 1 109 39 200 72
patentes/clplate1426.jpg 1 16 5 288 104
patentes/clplate1427.jpg 1 82 30 248 89
patentes/clplate1428.jpg 1 21 7 311 112
patentes/clplate1429.jpg 1 1 0 348 125
patentes/clplate1430.jpg 1 158 57 148 53
patentes/clplate1431.jpg 1 49 18 257 92
patentes/clplate1432.jpg 1 28 10 198 71
patentes/clplate1433.jpg 1 69 25 280 101
patentes/clplate1434.jpg 1 39 14 212 76
patentes/clplate1435.jpg 1 1 0 355 128
patentes/clplate1436.jpg 1 64 23 215 77
patentes/clplate1437.jpg 1 3 1 345 124
patentes/clplate1438.jpg 1 22 8 178 64
patentes/clplate1439.jpg 1 79 29 178 64
patentes/clplate1440.jpg 1 18 6 179 64
patentes/clplate1441.jpg 1 47 17 163 58
patentes/clplate1442.jpg 1 33 11 205 74
patentes/clplate1443.jpg 1 8 3 344 124
patentes/clplate1444.jpg 1 154 56 135 48
patentes/clplate1445.jpg 1 13 4 297 107
patentes/clplate1446.jpg 1 17 7 340 122
patentes/clplate1447.jpg 1 8 3 334 120
patentes/clplate1448.jpg 1 147 53 150 54
patentes/clplate1449.jpg 1 35 12 188 67
patentes/clplate1450.jpg 1 202 73 134 48
patentes/clplate1451.jpg 1 21 7 250 90
patentes/clplate1452.jpg 1 70 25 142 51
patentes/clplate1453.jpg 1 24 9 327 118
patentes/clplate1454.jpg 1 32 12 295 106
patentes/clplate1455.jpg 1 111 40 146 52
patentes/clplate1456.jpg 1 16 6 260 93
patentes/clplate1457.jpg 1 76 27 252 91
patentes/clplate1458.jpg 1 37 13 300 108
patentes/clplate1459.jpg 1 167 60 169 61
patentes/clplate1460.jpg 1 80 29 238 85
patentes/clplate1461.jpg 1 57 21 285 102
patentes/clplate1462.jpg 1 10 3 313 113
patentes/clplate1463.jpg 1 41 15 137 49
patentes/clplate1464.jpg 1 96 34 139 50
patentes/clplate1465.jpg 1 115 41 146 52
patentes/clplate1466.jpg 1 58 21 194 70
patentes/clplate1467.jpg 1 87 31 142 51
patentes/clplate1468.jpg 1 99 36 132 47
patentes/clplate1469.jpg 1 99 36 215 77
patentes/clplate1470.jpg 1 36 13 246 88
patentes/clplate1471.jpg 1 121 43 225 81
patentes/clplate1472.jpg 1 163 59 176 63
patentes/clplate1473.jpg 1 65 23 283 102
patentes/clplate1474.jpg 1 43 15 242 87
patentes/clplate1475.jpg 1 41 15 254 91
patentes/clplate1476.jpg 1 51 18 134 48
patentes/clplate1477.jpg 1 42 15 267 96
patentes/clplate1478.jpg 1 135 49 166 59
patentes/clplate1479.jpg 1 19 7 334 120
patentes/clplate1480.jpg 1 34 12 215 77
patentes/clplate1481.jpg 1 98 36 202 72
patentes/clplate1482.jpg 1 14 5 223 80
patentes/clplate1483.jpg 1 39 14 300 108
patentes/clplate1484.jpg 1 119 43 185 66
patentes/clplate1485.jpg 1 16 5 300 108
patentes/clplate1486.jpg 1 0 0 359 129
patentes/clplate1487.jpg 1 7 2 344 124
patentes/clplate1488.jpg 1 61 22 272 98
patentes/clplate1489.jpg 1 32 12 249 89
patentes/clplate1490.jpg 1 46 16 300 108
patentes/clplate1491.jpg 1 102 37 221 79
patentes/clplate1492.jpg 1 28 10 322 116
patentes/clplate1493.jpg 1 28 10 307 110
patentes/clplate1494.jpg 1 11 4 345 124
patentes/clplate1495.jpg 1 94 34 177 63
patentes/clplate1496.jpg 1 45 16 286 103
patentes/clplate1497.jpg 1 40 14 136 49
patentes/clplate1498.jpg 1 16 6 307 110
patentes/clplate1499.jpg 1 47 17 266 96
patentes/clplate1500.jpg 1 38 14 243 87
patentes/clplate1501.jpg 1 18 6 195 70
patentes/clplate1502.jpg 1 121 44 206 74
patentes/clplate1503.jpg 1 85 30 214 77
patentes/clplate1504.jpg 1 75 27 221 79
patentes/clplate1505.jpg 1 51 19 273 98
patentes/clplate1506.jpg 1 150 54 126 45
patentes/clplate1507.jpg 1 94 34 214 77
patentes/clplate1508.jpg 1 193 69 144 52
patentes/clplate1509.jpg 1 0 0 359 129
patentes/clplate1510.jpg 1 5 2 340 122
patentes/clplate1511.jpg 1 83 30 214 77
patentes/clplate1512.jpg 1 54 19 234 84
patentes/clplate1513.jpg 1 13 4 236 85
patentes/clplate1514.jpg 1 99 36 249 89
patentes/clplate1515.jpg 1 78 28 136 49
patentes/clplate1516.jpg 1 1 0 355 128
patentes/clplate1517.jpg 1 23 8 277 100
patentes/clplate1518.jpg 1 60 22 232 83
patentes/clplate1519.jpg 1 62 23 285 102
patentes/clplate1520.jpg 1 17 6 226 81
patentes/clplate1521.jpg 1 125 45 121 43
patentes/clplate1522.jpg 1 11 4 269 97
patentes/clplate1523.jpg 1 35 13 314 113
patentes/clplate1524.jpg 1 50 18 292 105
patentes/clplate1525.jpg 1 170 61 129 46
patentes/clplate1526.jpg 1 20 7 291 105
patentes/clplate1527.jpg 1 4 1 347 125
patentes/clplate1528.jpg 1 181 65 147 53
patentes/clplate1529.jpg 1 4 1 351 126
patentes/clplate1530.jpg 1 10 3 263 94
patentes/clplate1531.jpg 1 136 49 160 57
patentes/clplate1532.jpg 1 82 30 223 80
patentes/clplate1533.jpg 1 13 4 338 122
patentes/clplate1534.jpg 1 184 67 129 46
patentes/clplate1535.jpg 1 92 33 225 81
patentes/clplate1536.jpg 1 88 31 133 48
patentes/clplate1537.jpg 1 48 17 275 99
patentes/clplate1538.jpg 1 1 0 356 128
patentes/clplate1539.jpg 1 75 27 184 66
patentes/clplate1540.jpg 1 69 25 220 79
patentes/clplate1541.jpg 1 122 44 219 79
patentes/clplate1542.jpg 1 152 55 148 53
patentes/clplate1543.jpg 1 41 14 291 105
patentes/clplate1544.jpg 1 187 68 123 44
patentes/clplate1545.jpg 1 56 20 233 84
patentes/clplate1546.jpg 1 23 8 311 112
patentes/clplate1547.jpg 1 17 6 334 120
patentes/clplate1548.jpg 1 108 39 233 84
patentes/clplate1549.jpg 1 15 5 244 88
patentes/clplate1550.jpg 1 86 31 203 73
patentes/clplate1551.jpg 1 2 1 354 127
patentes/clplate1552.jpg 1 86 31 120 43
patentes/clplate1553.jpg 1 64 23 267 96
patentes/clplate1554.jpg 1 5 2 315 113
patentes/clplate1555.jpg 1 57 20 126 45
patentes/clplate1556.jpg 1 89 32 256 92
patentes/clplate1557.jpg 1 34 12 320 115
patentes/clplate1558.jpg 1 107 39 209 75
patentes/clplate1559.jpg 1 196 71 124 44
patentes/clplate1560.jpg 1 36 13 310 111
patentes/clplate1561.jpg 1 34 12 305 110
patentes/clplate1562.jpg 1 22 8 284 102
patentes/clplate1563.jpg 1 122 44 196 70
patentes/clplate1564.jpg 1 52 19 299 107
patentes/clplate1565.jpg 1 13 5 259 93
patentes/clplate1566.jpg 1 46 17 254 91
patentes/clplate1567.jpg 1 9 3 321 115
patentes/clplate1568.jpg 1 32 12 284 102
patentes/clplate1569.jpg 1 22 8 294 106
patentes/clplate1570.jpg 1 22 8 183 66
patentes/clplate1571.jpg 1 15 5 236 85
patentes/clplate1572.jpg 1 0 0 359 129
patentes/clplate1573.jpg 1 37 13 239 86
patentes/clplate1574.jpg 1 27 10 294 106
patentes/clplate1575.jpg 1 64 23 262 94
patentes/clplate1576.jpg 1 21 7 305 110
patentes/clplate1577.jpg 1 27 10 167 60
patentes/clplate1578.jpg 1 27 9 194 70
patentes/clplate1579.jpg 1 68 25 268 96
patentes/clplate1580.jpg 1 145 53 149 53
patentes/clplate1581.jpg 1 59 21 262 94
patentes/clplate1582.jpg 1 13 5 307 110
patentes/clplate1583.jpg 1 93 34 238 85
patentes/clplate1584.jpg 1 22 7 216 78
patentes/clplate1585.jpg 1 8 3 337 121
patentes/clplate1586.jpg 1 29 10 175 63
patentes/clplate1587.jpg 1 14 5 329 118
patentes/clplate1588.jpg 1 19 6 204 73
patentes/clplate1589.jpg 1 119 43 226 81
patentes/clplate1590.jpg 1 71 25 195 70
patentes/clplate1591.jpg 1 88 32 196 70
patentes/clplate1592.jpg 1 154 56 121 43
patentes/clplate1593.jpg 1 4 1 348 125
patentes/clplate1594.jpg 1 166 60 174 62
patentes/clplate1595.jpg 1 103 37 175 63
patentes/clplate1596.jpg 1 85 31 237 85
patentes/clplate1597.jpg 1 135 49 196 70
patentes/clplate1598.jpg 1 62 23 249 89
patentes/clplate1599.jpg 1 35 13 196 70
patentes/clplate1600.jpg 1 100 36 156 56
patentes/clplate1601.jpg 1 168 61 157 56
patentes/clplate1602.jpg 1 13 5 282 101
patentes/clplate1603.jpg 1 51 18 153 55
patentes/clplate1604.jpg 1 40 15 312 112
patentes/clplate1605.jpg 1 102 37 198 71
patentes/clplate1606.jpg 1 16 6 338 122
patentes/clplate1607.jpg 1 54 19 283 102
patentes/clplate1608.jpg 1 69 25 204 73
patentes/clplate1609.jpg 1 161 58 143 51
patentes/clplate1610.jpg 1 81 29 215 77
patentes/clplate1611.jpg 1 10 3 337 121
patentes/clplate1612.jpg 1 21 7 222 80
patentes/clplate1613.jpg 1 96 35 121 43
patentes/clplate1614.jpg 1 22 8 284 102
patentes/clplate1615.jpg 1 10 3 338 122
patentes/clplate1616.jpg 1 74 26 239 86
patentes/clplate1617.jpg 1 126 46 210 75
patentes/clplate1618.jpg 1 91 33 218 78
patentes/clplate1619.jpg 1 27 10 256 92
patentes/clplate1620.jpg 1 61 22 216 78
patentes/clplate1621.jpg 1 80 29 243 87
patentes/clplate1622.jpg 1 90 32 241 87
patentes/clplate1623.jpg 1 126 45 181 65
patentes/clplate1624.jpg 1 158 57 172 62
patentes/clplate1625.jpg 1 82 30 215 77
patentes/clplate1626.jpg 1 4 1 351 126
patentes/clplate1627.jpg 1 80 29 239 86
patentes/clplate1628.jpg 1 11 4 325 117
patentes/clplate1629.jpg 1 204 74 121 43
patentes/clplate1630.jpg 1 81 29 190 68
patentes/clplate1631.jpg 1 18 6 270 97
patentes/clplate1632.jpg 1 86 31 205 74
patentes/clplate1633.jpg 1 5 2 332 119
patentes/clplate1634.jpg 1 11 4 302 109
patentes/clplate1635.jpg 1 73 26 177 63
patentes/clplate1636.jpg 1 16 5 330 119
patentes/clplate1637.jpg 1 67 24 190 68
patentes/clplate1638.jpg 1 28 10 326 117
patentes/clplate1639.jpg 1 14 5 259 93
patentes/clplate1640.jpg 1 108 39 183 66
patentes/clplate1641.jpg 1 21 7 151 54
patentes/clplate1642.jpg 1 120 43 159 57
patentes/clplate1643.jpg 1 24 9 297 107
patentes/clplate1644.jpg 1 1 0 347 125
patentes/clplate1645.jpg 1 106 38 176 63
patentes/clplate1646.jpg 1 29 10 151 54
patentes/clplate1647.jpg 1 43 15 237 85
patentes/clplate1648.jpg 1 3 1 354 127
patentes/clplate1649.jpg 1 19 7 325 117
patentes/clplate1650.jpg 1 102 37 164 59
patentes/clplate1651.jpg 1 111 40 220 79
patentes/clplate1652.jpg 1 56 20 290 104
patentes/clplate1653.jpg 1 73 27 240 86
patentes/clplate1654.jpg 1 9 3 335 120
patentes/clplate1655.jpg 1 65 24 238 85
patentes/clplate1656.jpg 1 114 42 227 81
patentes/clplate1657.jpg 1 33 12 297 107
patentes/clplate1658.jpg 1 42 15 256 92
patentes/clplate1659.jpg 1 53 19 216 78
patentes/clplate1660.jpg 1 119 44 227 81
patentes/clplate1661.jpg 1 1 0 358 129
patentes/clplate1662.jpg 1 41 15 237 85
patentes/clplate1663.jpg 1 23 8 327 118
patentes/clplate1664.jpg 1 89 32 131 47
patentes/clplate1665.jpg 1 92 33 240 86
patentes/clplate1666.jpg 1 11 4 296 106
patentes/clplate1667.jpg 1 74 27 273 98
patentes/clplate1668.jpg 1 30 10 134 48
patentes/clplate1669.jpg 1 102 37 236 85
patentes/clplate1670.jpg 1 42 15 201 72
patentes/clplate1671.jpg 1 17 6 281 101
patentes/clplate1672.jpg 1 19 7 311 112
patentes/clplate1673.jpg 1 1 0 356 128
patentes/clplate1674.jpg 1 78 28 259 93
patentes/clplate1675.jpg 1 87 31 171 61
patentes/clplate1676.jpg 1 34 12 297 107
patentes/clplate1677.jpg 1 33 12 202 72
patentes/clplate1678.jpg 1 5 1 316 114
patentes/clplate1679.jpg 1 165 59 161 58
patentes/clplate1680.jpg 1 14 5 286 103
patentes/clplate1681.jpg 1 17 6 291 105
patentes/clplate1682.jpg 1 79 28 245 88
patentes/clplate1683.jpg 1 13 4 316 114
patentes/clplate1684.jpg 1 10 3 276 99
patentes/clplate1685.jpg 1 2 1 350 126
patentes/clplate1686.jpg 1 188 68 136 49
patentes/clplate1687.jpg 1 82 29 180 65
patentes/clplate1688.jpg 1 176 64 141 50
patentes/clplate1689.jpg 1 37 13 234 84
patentes/clplate1690.jpg 1 97 35 219 79
patentes/clplate1691.jpg 1 123 44 205 74
patentes/clplate1692.jpg 1 38 14 309 111
patentes/clplate1693.jpg 1 4 1 348 125
patentes/clplate1694.jpg 1 44 16 265 95
patentes/clplate1695.jpg 1 101 36 156 56
patentes/clplate1696.jpg 1 104 37 175 63
patentes/clplate1697.jpg 1 1 0 354 127
patentes/clplate1698.jpg 1 135 49 208 75
patentes/clplate1699.jpg 1 12 4 279 100
patentes/clplate1700.jpg 1 1 0 358 129
patentes/clplate1701.jpg 1 1 0 344 124
patentes/clplate1702.jpg 1 2 1 353 127
patentes/clplate1703.jpg 1 56 20 248 89
patentes/clplate1704.jpg 1 110 39 236 85
patentes/clplate1705.jpg 1 46 16 219 79
patentes/clplate1706.jpg 1 81 30 268 96
patentes/clplate1707.jpg 1 67 24 157 56
patentes/clplate1708.jpg 1 178 64 139 50
patentes/clplate1709.jpg 1 38 14 193 69
patentes/clplate1710.jpg 1 34 12 249 89
patentes/clplate1711.jpg 1 66 24 260 93
patentes/clplate1712.jpg 1 20 7 284 102
patentes/clplate1713.jpg 1 4 1 339 122
patentes/clplate1714.jpg 1 136 49 197 71
patentes/clplate1715.jpg 1 128 46 172 62
patentes/clplate1716.jpg 1 152 55 188 67
patentes/clplate1717.jpg 1 95 34 173 62
patentes/clplate1718.jpg 1 75 27 264 95
patentes/clplate1719.jpg 1 153 55 122 44
patentes/clplate1720.jpg 1 77 28 203 73
patentes/clplate1721.jpg 1 23 8 280 101
patentes/clplate1722.jpg 1 13 4 333 120
patentes/clplate1723.jpg 1 78 28 170 61
patentes/clplate1724.jpg 1 50 18 175 63
patentes/clplate1725.jpg 1 40 14 289 104
patentes/clplate1726.jpg 1 127 46 126 45
patentes/clplate1727.jpg 1 159 58 146 52
patentes/clplate1728.jpg 1 17 6 275 99
patentes/clplate1729.jpg 1 153 55 146 52
patentes/clplate1730.jpg 1 37 14 312 112
patentes/clplate1731.jpg 1 25 9 281 101
patentes/clplate1732.jpg 1 117 42 123 44
patentes/clplate1733.jpg 1 50 18 165 59
patentes/clplate1734.jpg 1 76 27 168 60
patentes/clplate1735.jpg 1 35 12 288 104
patentes/clplate1736.jpg 1 61 22 246 88
patentes/clplate1737.jpg 1 32 11 216 78
patentes/clplate1738.jpg 1 25 9 311 112
patentes/clplate1739.jpg 1 126 46 209 75
patentes/clplate1740.jpg 1 15 5 296 106
patentes/clplate1741.jpg 1 131 47 174 62
patentes/clplate1742.jpg 1 131 48 152 54
patentes/clplate1743.jpg 1 10 3 339 122
patentes/clplate1744.jpg 1 51 18 277 100
patentes/clplate1745.jpg 1 1 0 355 128
patentes/clplate1746.jpg 1 65 23 168 60
patentes/clplate1747.jpg 1 91 33 240 86
patentes/clplate1748.jpg 1 13 5 283 102
patentes/clplate1749.jpg 1 95 34 220 79
patentes/clplate1750.jpg 1 35 13 142 51
patentes/clplate1751.jpg 1 58 21 276 99
patentes/clplate1752.jpg 1 48 17 300 108
patentes/clplate1753.jpg 1 34 12 182 65
patentes/clplate1754.jpg 1 13 4 257 92
patentes/clplate1755.jpg 1 2 0 352 127
patentes/clplate1756.jpg 1 31 11 213 76
patentes/clplate1757.jpg 1 38 14 307 110
patentes/clplate1758.jpg 1 187 68 124 44
patentes/clplate1759.jpg 1 46 16 149 53
patentes/clplate1760.jpg 1 150 54 181 65
patentes/clplate1761.jpg 1 77 28 236 85
patentes/clplate1762.jpg 1 127 46 158 57
patentes/clplate1763.jpg 1 26 9 306 110
patentes/clplate1764.jpg 1 54 19 214 77
patentes/clplate1765.jpg 1 53 19 261 94
patentes/clplate1766.jpg 1 0 0 359 129
patentes/clplate1767.jpg 1 135 48 194 70
patentes/clplate1768.jpg 1 100 36 151 54
patentes/clplate1769.jpg 1 13 4 311 112
patentes/clplate1770.jpg 1 129 47 162 58
patentes/clplate1771.jpg 1 65 23 206 74
patentes/clplate1772.jpg 1 201 73 120 43
patentes/clplate1773.jpg 1 10 4 343 123
patentes/clplate1774.jpg 1 36 13 224 80
patentes/clplate1775.jpg 1 200 72 125 45
patentes/clplate1776.jpg 1 21 7 266 96
patentes/clplate1777.jpg 1 10 3 300 108
patentes/clplate1778.jpg 1 153 56 177 63
patentes/clplate1779.jpg 1 26 9 221 79
patentes/clplate1780.jpg 1 68 25 275 99
patentes/clplate1781.jpg 1 30 11 243 87
patentes/clplate1782.jpg 1 65 23 261 94
patentes/clplate1783.jpg 1 85 31 210 75
patentes/clplate1784.jpg 1 78 28 137 49
patentes/clplate1785.jpg 1 4 1 326 117
patentes/clplate1786.jpg 1 105 37 216 78
patentes/clplate1787.jpg 1 53 19 253 91
patentes/clplate1788.jpg 1 129 46 208 75
patentes/clplate1789.jpg 1 21 7 275 99
patentes/clplate1790.jpg 1 83 30 241 87
patentes/clplate1791.jpg 1 62 22 266 96
patentes/clplate1792.jpg 1 47 17 226 81
patentes/clplate1793.jpg 1 28 10 305 110
patentes/clplate1794.jpg 1 35 12 191 68
patentes/clplate1795.jpg 1 10 4 344 124
patentes/clplate1796.jpg 1 44 16 209 75
patentes/clplate1797.jpg 1 6 2 339 122
patentes/clplate1798.jpg 1 78 28 247 89
